
> quizverse@0.1.0 start
> react-scripts start

(node:3491) [DEP_WEBPACK_DEV_SERVER_ON_AFTER_SETUP_MIDDLEWARE] DeprecationWarning: 'onAfterSetupMiddleware' option is deprecated. Please use the 'setupMiddlewares' option.
(Use `node --trace-deprecation ...` to show where the warning was created)
(node:3491) [DEP_WEBPACK_DEV_SERVER_ON_BEFORE_SETUP_MIDDLEWARE] DeprecationWarning: 'onBeforeSetupMiddleware' option is deprecated. Please use the 'setupMiddlewares' option.
Starting the development server...

Compiled successfully!

You can now view quizverse in the browser.

  Local:            http://localhost:3000
  On Your Network:  http://172.17.0.2:3000

Note that the development build is not optimized.
To create a production build, use npm run build.

webpack compiled successfully
Compiling...
Compiled successfully!
webpack compiled successfully
Compiling...
Compiled successfully!
webpack compiled successfully
Compiling...
Failed to compile.

[eslint] 
src/context/QuizContext.js
  Line 25:44:  'quizData' is not defined  no-undef

Search for the keywords to learn more about each error.
WARNING in [eslint] 
src/context/QuizContext.js
  Line 2:10:  'fullQuestionPool' is defined but never used       no-unused-vars
  Line 3:24:  'selectRandomQuestions' is defined but never used  no-unused-vars

ERROR in [eslint] 
src/context/QuizContext.js
  Line 25:44:  'quizData' is not defined  no-undef

Search for the keywords to learn more about each error.

webpack compiled with 1 error and 1 warning
